CRITICAL - 2021-07-14 00:47:30 --> Class "App\Controllers\AdminModel" not found
#0 D:\Freelance\OnGoing\Ionic-Voting\ci-voting\vendor\codeigniter4\framework\system\CodeIgniter.php(928): App\Controllers\APIAdmin->login()
#1 D:\Freelance\OnGoing\Ionic-Voting\ci-voting\vendor\codeigniter4\framework\system\CodeIgniter.php(436): CodeIgniter\CodeIgniter->runController()
#2 D:\Freelance\OnGoing\Ionic-Voting\ci-voting\vendor\codeigniter4\framework\system\CodeIgniter.php(336): CodeIgniter\CodeIgniter->handleRequest()
#3 D:\Freelance\OnGoing\Ionic-Voting\ci-voting\public\index.php(37): CodeIgniter\CodeIgniter->run()
#4 D:\Freelance\OnGoing\Ionic-Voting\ci-voting\vendor\codeigniter4\framework\system\Commands\Server\rewrite.php(45): require_once('...')
#5 {main}
ERROR - 2021-07-14 00:48:03 --> Error connecting to the database: No connection could be made because the target machine actively refused it
CRITICAL - 2021-07-14 00:48:03 --> Unable to connect to the database.
Main connection [MySQLi]: No connection could be made because the target machine actively refused it
#0 D:\Freelance\OnGoing\Ionic-Voting\ci-voting\vendor\codeigniter4\framework\system\Database\BaseConnection.php(625): CodeIgniter\Database\BaseConnection->initialize()
#1 D:\Freelance\OnGoing\Ionic-Voting\ci-voting\vendor\codeigniter4\framework\system\Database\BaseBuilder.php(1881): CodeIgniter\Database\BaseConnection->query()
#2 D:\Freelance\OnGoing\Ionic-Voting\ci-voting\vendor\codeigniter4\framework\system\Model.php(228): CodeIgniter\Database\BaseBuilder->get()
#3 D:\Freelance\OnGoing\Ionic-Voting\ci-voting\vendor\codeigniter4\framework\system\BaseModel.php(644): CodeIgniter\Model->doFirst()
#4 D:\Freelance\OnGoing\Ionic-Voting\ci-voting\app\Controllers\APIAdmin.php(16): CodeIgniter\BaseModel->first()
#5 D:\Freelance\OnGoing\Ionic-Voting\ci-voting\vendor\codeigniter4\framework\system\CodeIgniter.php(928): App\Controllers\APIAdmin->login()
#6 D:\Freelance\OnGoing\Ionic-Voting\ci-voting\vendor\codeigniter4\framework\system\CodeIgniter.php(436): CodeIgniter\CodeIgniter->runController()
#7 D:\Freelance\OnGoing\Ionic-Voting\ci-voting\vendor\codeigniter4\framework\system\CodeIgniter.php(336): CodeIgniter\CodeIgniter->handleRequest()
#8 D:\Freelance\OnGoing\Ionic-Voting\ci-voting\public\index.php(37): CodeIgniter\CodeIgniter->run()
#9 D:\Freelance\OnGoing\Ionic-Voting\ci-voting\vendor\codeigniter4\framework\system\Commands\Server\rewrite.php(45): require_once('...')
#10 {main}
CRITICAL - 2021-07-14 00:52:29 --> Undefined variable $password
#0 D:\Freelance\OnGoing\Ionic-Voting\ci-voting\app\Controllers\APIAdmin.php(24): CodeIgniter\Debug\Exceptions->errorHandler()
#1 D:\Freelance\OnGoing\Ionic-Voting\ci-voting\vendor\codeigniter4\framework\system\CodeIgniter.php(928): App\Controllers\APIAdmin->login()
#2 D:\Freelance\OnGoing\Ionic-Voting\ci-voting\vendor\codeigniter4\framework\system\CodeIgniter.php(436): CodeIgniter\CodeIgniter->runController()
#3 D:\Freelance\OnGoing\Ionic-Voting\ci-voting\vendor\codeigniter4\framework\system\CodeIgniter.php(336): CodeIgniter\CodeIgniter->handleRequest()
#4 D:\Freelance\OnGoing\Ionic-Voting\ci-voting\public\index.php(37): CodeIgniter\CodeIgniter->run()
#5 D:\Freelance\OnGoing\Ionic-Voting\ci-voting\vendor\codeigniter4\framework\system\Commands\Server\rewrite.php(45): require_once('...')
#6 {main}
CRITICAL - 2021-07-14 00:53:23 --> Undefined array key "password"
#0 D:\Freelance\OnGoing\Ionic-Voting\ci-voting\app\Controllers\APIAdmin.php(24): CodeIgniter\Debug\Exceptions->errorHandler()
#1 D:\Freelance\OnGoing\Ionic-Voting\ci-voting\vendor\codeigniter4\framework\system\CodeIgniter.php(928): App\Controllers\APIAdmin->login()
#2 D:\Freelance\OnGoing\Ionic-Voting\ci-voting\vendor\codeigniter4\framework\system\CodeIgniter.php(436): CodeIgniter\CodeIgniter->runController()
#3 D:\Freelance\OnGoing\Ionic-Voting\ci-voting\vendor\codeigniter4\framework\system\CodeIgniter.php(336): CodeIgniter\CodeIgniter->handleRequest()
#4 D:\Freelance\OnGoing\Ionic-Voting\ci-voting\public\index.php(37): CodeIgniter\CodeIgniter->run()
#5 D:\Freelance\OnGoing\Ionic-Voting\ci-voting\vendor\codeigniter4\framework\system\Commands\Server\rewrite.php(45): require_once('...')
#6 {main}
CRITICAL - 2021-07-14 00:53:42 --> Undefined array key "password"
#0 D:\Freelance\OnGoing\Ionic-Voting\ci-voting\app\Controllers\APIAdmin.php(24): CodeIgniter\Debug\Exceptions->errorHandler()
#1 D:\Freelance\OnGoing\Ionic-Voting\ci-voting\vendor\codeigniter4\framework\system\CodeIgniter.php(928): App\Controllers\APIAdmin->login()
#2 D:\Freelance\OnGoing\Ionic-Voting\ci-voting\vendor\codeigniter4\framework\system\CodeIgniter.php(436): CodeIgniter\CodeIgniter->runController()
#3 D:\Freelance\OnGoing\Ionic-Voting\ci-voting\vendor\codeigniter4\framework\system\CodeIgniter.php(336): CodeIgniter\CodeIgniter->handleRequest()
#4 D:\Freelance\OnGoing\Ionic-Voting\ci-voting\public\index.php(37): CodeIgniter\CodeIgniter->run()
#5 D:\Freelance\OnGoing\Ionic-Voting\ci-voting\vendor\codeigniter4\framework\system\Commands\Server\rewrite.php(45): require_once('...')
#6 {main}
CRITICAL - 2021-07-14 00:53:51 --> Undefined array key "id"
#0 D:\Freelance\OnGoing\Ionic-Voting\ci-voting\app\Controllers\APIAdmin.php(30): CodeIgniter\Debug\Exceptions->errorHandler()
#1 D:\Freelance\OnGoing\Ionic-Voting\ci-voting\vendor\codeigniter4\framework\system\CodeIgniter.php(928): App\Controllers\APIAdmin->login()
#2 D:\Freelance\OnGoing\Ionic-Voting\ci-voting\vendor\codeigniter4\framework\system\CodeIgniter.php(436): CodeIgniter\CodeIgniter->runController()
#3 D:\Freelance\OnGoing\Ionic-Voting\ci-voting\vendor\codeigniter4\framework\system\CodeIgniter.php(336): CodeIgniter\CodeIgniter->handleRequest()
#4 D:\Freelance\OnGoing\Ionic-Voting\ci-voting\public\index.php(37): CodeIgniter\CodeIgniter->run()
#5 D:\Freelance\OnGoing\Ionic-Voting\ci-voting\vendor\codeigniter4\framework\system\Commands\Server\rewrite.php(45): require_once('...')
#6 {main}
ERROR - 2021-07-14 04:42:48 --> Unknown column 'username' in 'where clause'
CRITICAL - 2021-07-14 04:42:48 --> Call to a member function getFirstRow() on bool
#0 D:\Freelance\OnGoing\Ionic-Voting\ci-voting\vendor\codeigniter4\framework\system\BaseModel.php(644): CodeIgniter\Model->doFirst()
#1 D:\Freelance\OnGoing\Ionic-Voting\ci-voting\app\Controllers\APIPemilih.php(16): CodeIgniter\BaseModel->first()
#2 D:\Freelance\OnGoing\Ionic-Voting\ci-voting\vendor\codeigniter4\framework\system\CodeIgniter.php(928): App\Controllers\APIPemilih->login()
#3 D:\Freelance\OnGoing\Ionic-Voting\ci-voting\vendor\codeigniter4\framework\system\CodeIgniter.php(436): CodeIgniter\CodeIgniter->runController()
#4 D:\Freelance\OnGoing\Ionic-Voting\ci-voting\vendor\codeigniter4\framework\system\CodeIgniter.php(336): CodeIgniter\CodeIgniter->handleRequest()
#5 D:\Freelance\OnGoing\Ionic-Voting\ci-voting\public\index.php(37): CodeIgniter\CodeIgniter->run()
#6 D:\Freelance\OnGoing\Ionic-Voting\ci-voting\vendor\codeigniter4\framework\system\Commands\Server\rewrite.php(45): require_once('...')
#7 {main}
ERROR - 2021-07-14 04:43:18 --> Unknown column 'username' in 'where clause'
CRITICAL - 2021-07-14 04:43:18 --> Call to a member function getFirstRow() on bool
#0 D:\Freelance\OnGoing\Ionic-Voting\ci-voting\vendor\codeigniter4\framework\system\BaseModel.php(644): CodeIgniter\Model->doFirst()
#1 D:\Freelance\OnGoing\Ionic-Voting\ci-voting\app\Controllers\APIPemilih.php(16): CodeIgniter\BaseModel->first()
#2 D:\Freelance\OnGoing\Ionic-Voting\ci-voting\vendor\codeigniter4\framework\system\CodeIgniter.php(928): App\Controllers\APIPemilih->login()
#3 D:\Freelance\OnGoing\Ionic-Voting\ci-voting\vendor\codeigniter4\framework\system\CodeIgniter.php(436): CodeIgniter\CodeIgniter->runController()
#4 D:\Freelance\OnGoing\Ionic-Voting\ci-voting\vendor\codeigniter4\framework\system\CodeIgniter.php(336): CodeIgniter\CodeIgniter->handleRequest()
#5 D:\Freelance\OnGoing\Ionic-Voting\ci-voting\public\index.php(37): CodeIgniter\CodeIgniter->run()
#6 D:\Freelance\OnGoing\Ionic-Voting\ci-voting\vendor\codeigniter4\framework\system\Commands\Server\rewrite.php(45): require_once('...')
#7 {main}
ERROR - 2021-07-14 04:44:24 --> Unknown column 'username' in 'where clause'
CRITICAL - 2021-07-14 04:44:24 --> Call to a member function getFirstRow() on bool
#0 D:\Freelance\OnGoing\Ionic-Voting\ci-voting\vendor\codeigniter4\framework\system\BaseModel.php(644): CodeIgniter\Model->doFirst()
#1 D:\Freelance\OnGoing\Ionic-Voting\ci-voting\app\Controllers\APIPemilih.php(16): CodeIgniter\BaseModel->first()
#2 D:\Freelance\OnGoing\Ionic-Voting\ci-voting\vendor\codeigniter4\framework\system\CodeIgniter.php(928): App\Controllers\APIPemilih->login()
#3 D:\Freelance\OnGoing\Ionic-Voting\ci-voting\vendor\codeigniter4\framework\system\CodeIgniter.php(436): CodeIgniter\CodeIgniter->runController()
#4 D:\Freelance\OnGoing\Ionic-Voting\ci-voting\vendor\codeigniter4\framework\system\CodeIgniter.php(336): CodeIgniter\CodeIgniter->handleRequest()
#5 D:\Freelance\OnGoing\Ionic-Voting\ci-voting\public\index.php(37): CodeIgniter\CodeIgniter->run()
#6 D:\Freelance\OnGoing\Ionic-Voting\ci-voting\vendor\codeigniter4\framework\system\Commands\Server\rewrite.php(45): require_once('...')
#7 {main}
ERROR - 2021-07-14 04:44:39 --> Unknown column 'username' in 'where clause'
CRITICAL - 2021-07-14 04:44:39 --> Unknown column 'username' in 'where clause'
#0 D:\Freelance\OnGoing\Ionic-Voting\ci-voting\vendor\codeigniter4\framework\system\Database\MySQLi\Connection.php(329): mysqli->query()
#1 D:\Freelance\OnGoing\Ionic-Voting\ci-voting\vendor\codeigniter4\framework\system\Database\BaseConnection.php(732): CodeIgniter\Database\MySQLi\Connection->execute()
#2 D:\Freelance\OnGoing\Ionic-Voting\ci-voting\vendor\codeigniter4\framework\system\Database\BaseConnection.php(647): CodeIgniter\Database\BaseConnection->simpleQuery()
#3 D:\Freelance\OnGoing\Ionic-Voting\ci-voting\vendor\codeigniter4\framework\system\Database\BaseBuilder.php(1881): CodeIgniter\Database\BaseConnection->query()
#4 D:\Freelance\OnGoing\Ionic-Voting\ci-voting\vendor\codeigniter4\framework\system\Model.php(228): CodeIgniter\Database\BaseBuilder->get()
#5 D:\Freelance\OnGoing\Ionic-Voting\ci-voting\vendor\codeigniter4\framework\system\BaseModel.php(644): CodeIgniter\Model->doFirst()
#6 D:\Freelance\OnGoing\Ionic-Voting\ci-voting\app\Controllers\APIPemilih.php(16): CodeIgniter\BaseModel->first()
#7 D:\Freelance\OnGoing\Ionic-Voting\ci-voting\vendor\codeigniter4\framework\system\CodeIgniter.php(928): App\Controllers\APIPemilih->login()
#8 D:\Freelance\OnGoing\Ionic-Voting\ci-voting\vendor\codeigniter4\framework\system\CodeIgniter.php(436): CodeIgniter\CodeIgniter->runController()
#9 D:\Freelance\OnGoing\Ionic-Voting\ci-voting\vendor\codeigniter4\framework\system\CodeIgniter.php(336): CodeIgniter\CodeIgniter->handleRequest()
#10 D:\Freelance\OnGoing\Ionic-Voting\ci-voting\public\index.php(37): CodeIgniter\CodeIgniter->run()
#11 D:\Freelance\OnGoing\Ionic-Voting\ci-voting\vendor\codeigniter4\framework\system\Commands\Server\rewrite.php(45): require_once('...')
#12 {main}
CRITICAL - 2021-07-14 04:48:24 --> Undefined variable $password
#0 D:\Freelance\OnGoing\Ionic-Voting\ci-voting\app\Controllers\APIPemilih.php(23): CodeIgniter\Debug\Exceptions->errorHandler()
#1 D:\Freelance\OnGoing\Ionic-Voting\ci-voting\vendor\codeigniter4\framework\system\CodeIgniter.php(928): App\Controllers\APIPemilih->login()
#2 D:\Freelance\OnGoing\Ionic-Voting\ci-voting\vendor\codeigniter4\framework\system\CodeIgniter.php(436): CodeIgniter\CodeIgniter->runController()
#3 D:\Freelance\OnGoing\Ionic-Voting\ci-voting\vendor\codeigniter4\framework\system\CodeIgniter.php(336): CodeIgniter\CodeIgniter->handleRequest()
#4 D:\Freelance\OnGoing\Ionic-Voting\ci-voting\public\index.php(37): CodeIgniter\CodeIgniter->run()
#5 D:\Freelance\OnGoing\Ionic-Voting\ci-voting\vendor\codeigniter4\framework\system\Commands\Server\rewrite.php(45): require_once('...')
#6 {main}
CRITICAL - 2021-07-14 04:49:02 --> Undefined variable $password
#0 D:\Freelance\OnGoing\Ionic-Voting\ci-voting\app\Controllers\APIPemilih.php(23): CodeIgniter\Debug\Exceptions->errorHandler()
#1 D:\Freelance\OnGoing\Ionic-Voting\ci-voting\vendor\codeigniter4\framework\system\CodeIgniter.php(928): App\Controllers\APIPemilih->login()
#2 D:\Freelance\OnGoing\Ionic-Voting\ci-voting\vendor\codeigniter4\framework\system\CodeIgniter.php(436): CodeIgniter\CodeIgniter->runController()
#3 D:\Freelance\OnGoing\Ionic-Voting\ci-voting\vendor\codeigniter4\framework\system\CodeIgniter.php(336): CodeIgniter\CodeIgniter->handleRequest()
#4 D:\Freelance\OnGoing\Ionic-Voting\ci-voting\public\index.php(37): CodeIgniter\CodeIgniter->run()
#5 D:\Freelance\OnGoing\Ionic-Voting\ci-voting\vendor\codeigniter4\framework\system\Commands\Server\rewrite.php(45): require_once('...')
#6 {main}
CRITICAL - 2021-07-14 04:49:43 --> Undefined array key "id"
#0 D:\Freelance\OnGoing\Ionic-Voting\ci-voting\app\Controllers\APIPemilih.php(29): CodeIgniter\Debug\Exceptions->errorHandler()
#1 D:\Freelance\OnGoing\Ionic-Voting\ci-voting\vendor\codeigniter4\framework\system\CodeIgniter.php(928): App\Controllers\APIPemilih->login()
#2 D:\Freelance\OnGoing\Ionic-Voting\ci-voting\vendor\codeigniter4\framework\system\CodeIgniter.php(436): CodeIgniter\CodeIgniter->runController()
#3 D:\Freelance\OnGoing\Ionic-Voting\ci-voting\vendor\codeigniter4\framework\system\CodeIgniter.php(336): CodeIgniter\CodeIgniter->handleRequest()
#4 D:\Freelance\OnGoing\Ionic-Voting\ci-voting\public\index.php(37): CodeIgniter\CodeIgniter->run()
#5 D:\Freelance\OnGoing\Ionic-Voting\ci-voting\vendor\codeigniter4\framework\system\Commands\Server\rewrite.php(45): require_once('...')
#6 {main}
